<?xml version="1.0" encoding="UTF-8"?>
<testng-results ignored="0" total="1" passed="1" failed="0" skipped="0">
  <reporter-output>
  </reporter-output>
  <suite started-at="2020-06-30T01:27:55 IST" name="Default suite" finished-at="2020-06-30T01:28:20 IST" duration-ms="25666">
    <groups>
    </groups>
    <test started-at="2020-06-30T01:27:55 IST" name="Default test" finished-at="2020-06-30T01:28:20 IST" duration-ms="25666">
      <class name="com.training.sanity.tests.RETC027Tests">
        <test-method is-config="true" signature="setUpBeforeClass()[pri:0, instance:com.training.sanity.tests.RETC027Tests@47542153]" started-at="2020-06-30T01:27:55 IST" name="setUpBeforeClass" finished-at="2020-06-30T01:27:55 IST" duration-ms="13" status="PASS">
          <reporter-output>
          </reporter-output>
        </test-method> <!-- setUpBeforeClass -->
        <test-method is-config="true" signature="setUp()[pri:0, instance:com.training.sanity.tests.RETC027Tests@47542153]" started-at="2020-06-30T01:27:55 IST" name="setUp" finished-at="2020-06-30T01:28:09 IST" duration-ms="14844" status="PASS">
          <reporter-output>
          </reporter-output>
        </test-method> <!-- setUp -->
        <test-method signature="validLoginTest()[pri:0, instance:com.training.sanity.tests.RETC027Tests@47542153]" started-at="2020-06-30T01:28:09 IST" name="validLoginTest" finished-at="2020-06-30T01:28:19 IST" duration-ms="9753" status="PASS">
          <reporter-output>
          </reporter-output>
        </test-method> <!-- validLoginTest -->
        <test-method is-config="true" signature="tearDown()[pri:0, instance:com.training.sanity.tests.RETC027Tests@47542153]" started-at="2020-06-30T01:28:19 IST" name="tearDown" finished-at="2020-06-30T01:28:20 IST" duration-ms="1003" status="PASS">
          <reporter-output>
          </reporter-output>
        </test-method> <!-- tearDown -->
      </class> <!-- com.training.sanity.tests.RETC027Tests -->
    </test> <!-- Default test -->
  </suite> <!-- Default suite -->
</testng-results>
